2026-03-04 00:00:01 === Starting resubmission of 8 failed Exp2 jobs ===
2026-03-04 00:00:08 Waiting... 0/8 submitted (8 remaining). Sleeping 120s...
2026-03-04 00:00:29 === Starting resubmission of 8 failed Exp2 jobs ===
2026-03-04 00:00:37 Waiting... 0/8 submitted (8 remaining). Sleeping 60s...
2026-03-04 00:01:44 Waiting... 0/8 submitted (8 remaining). Sleeping 60s...
2026-03-04 00:02:51 Waiting... 0/8 submitted (8 remaining). Sleeping 60s...
2026-03-04 00:03:58 Waiting... 0/8 submitted (8 remaining). Sleeping 60s...
2026-03-04 00:05:05 Waiting... 0/8 submitted (8 remaining). Sleeping 60s...
2026-03-04 00:06:12 Waiting... 0/8 submitted (8 remaining). Sleeping 60s...
2026-03-04 00:07:19 Waiting... 0/8 submitted (8 remaining). Sleeping 60s...
2026-03-04 00:08:26 Waiting... 0/8 submitted (8 remaining). Sleeping 60s...
2026-03-04 00:09:33 Waiting... 0/8 submitted (8 remaining). Sleeping 60s...
2026-03-04 00:10:41 Waiting... 0/8 submitted (8 remaining). Sleeping 60s...
2026-03-04 00:11:48 Waiting... 0/8 submitted (8 remaining). Sleeping 60s...
2026-03-04 00:12:49 OK: Submitted job 0 (e2_smr5_mmmo_s7) -> SMALL : 14886190.spcc-adm1
2026-03-04 00:12:55 Waiting... 1/8 submitted (7 remaining). Sleeping 60s...
2026-03-04 00:14:02 Waiting... 1/8 submitted (7 remaining). Sleeping 60s...
2026-03-04 00:15:09 Waiting... 1/8 submitted (7 remaining). Sleeping 60s...
2026-03-04 00:16:16 Waiting... 1/8 submitted (7 remaining). Sleeping 60s...
2026-03-04 00:17:23 Waiting... 1/8 submitted (7 remaining). Sleeping 60s...
2026-03-04 00:18:30 Waiting... 1/8 submitted (7 remaining). Sleeping 60s...
2026-03-04 00:19:37 Waiting... 1/8 submitted (7 remaining). Sleeping 60s...
2026-03-04 00:20:44 Waiting... 1/8 submitted (7 remaining). Sleeping 60s...
2026-03-04 00:21:51 Waiting... 1/8 submitted (7 remaining). Sleeping 60s...
2026-03-04 00:22:58 Waiting... 1/8 submitted (7 remaining). Sleeping 60s...
2026-03-04 00:24:04 Waiting... 1/8 submitted (7 remaining). Sleeping 60s...
2026-03-04 00:25:11 Waiting... 1/8 submitted (7 remaining). Sleeping 60s...
2026-03-04 00:26:17 Waiting... 1/8 submitted (7 remaining). Sleeping 60s...
2026-03-04 00:27:17 OK: Submitted job 1 (e2_swsr5_mmmo_s7) -> SINGLE : 14886198.spcc-adm1
2026-03-04 00:27:22 Waiting... 2/8 submitted (6 remaining). Sleeping 60s...
2026-03-04 00:28:27 Waiting... 2/8 submitted (6 remaining). Sleeping 60s...
2026-03-04 00:29:28 OK: Submitted job 2 (e2_smr5_mmmo_s2024) -> DEFAULT : 14886199.spcc-adm1
2026-03-04 00:29:32 Waiting... 3/8 submitted (5 remaining). Sleeping 60s...
2026-03-04 00:30:37 Waiting... 3/8 submitted (5 remaining). Sleeping 60s...
2026-03-04 00:31:41 Waiting... 3/8 submitted (5 remaining). Sleeping 60s...
2026-03-04 00:32:45 Waiting... 3/8 submitted (5 remaining). Sleeping 60s...
2026-03-04 00:33:50 Waiting... 3/8 submitted (5 remaining). Sleeping 60s...
2026-03-04 00:34:55 Waiting... 3/8 submitted (5 remaining). Sleeping 60s...
2026-03-04 00:35:59 Waiting... 3/8 submitted (5 remaining). Sleeping 60s...
2026-03-04 00:37:03 Waiting... 3/8 submitted (5 remaining). Sleeping 60s...
2026-03-04 00:38:08 Waiting... 3/8 submitted (5 remaining). Sleeping 60s...
2026-03-04 00:39:12 Waiting... 3/8 submitted (5 remaining). Sleeping 60s...
2026-03-04 00:40:17 Waiting... 3/8 submitted (5 remaining). Sleeping 60s...
2026-03-04 00:41:22 Waiting... 3/8 submitted (5 remaining). Sleeping 60s...
2026-03-04 00:42:23 OK: Submitted job 3 (e2_smr5_mmmo_s1337) -> DEFAULT : 14886210.spcc-adm1
2026-03-04 00:42:27 Waiting... 4/8 submitted (4 remaining). Sleeping 60s...
2026-03-04 00:43:28 OK: Submitted job 4 (e2_smr5_mmmi_s0) -> SINGLE : 14886211.spcc-adm1
2026-03-04 00:43:31 Waiting... 5/8 submitted (3 remaining). Sleeping 60s...
2026-03-04 00:44:33 Waiting... 5/8 submitted (3 remaining). Sleeping 60s...
2026-03-04 00:45:36 Waiting... 5/8 submitted (3 remaining). Sleeping 60s...
2026-03-04 00:46:39 Waiting... 5/8 submitted (3 remaining). Sleeping 60s...
2026-03-04 00:47:42 Waiting... 5/8 submitted (3 remaining). Sleeping 60s...
2026-03-04 00:48:45 Waiting... 5/8 submitted (3 remaining). Sleeping 60s...
2026-03-04 00:49:45 OK: Submitted job 5 (e2_smr5_mmmi_s7) -> SINGLE : 14886215.spcc-adm1
2026-03-04 00:49:48 Waiting... 6/8 submitted (2 remaining). Sleeping 60s...
2026-03-04 00:50:50 Waiting... 6/8 submitted (2 remaining). Sleeping 60s...
2026-03-04 00:51:50 OK: Submitted job 6 (e2_smr5_mmmi_s2024) -> SMALL : 14886217.spcc-adm1
2026-03-04 00:51:51 Waiting... 7/8 submitted (1 remaining). Sleeping 60s...
2026-03-04 00:52:52 Waiting... 7/8 submitted (1 remaining). Sleeping 60s...
2026-03-04 00:53:53 Waiting... 7/8 submitted (1 remaining). Sleeping 60s...
2026-03-04 00:54:53 Waiting... 7/8 submitted (1 remaining). Sleeping 60s...
2026-03-04 00:55:54 Waiting... 7/8 submitted (1 remaining). Sleeping 60s...
2026-03-04 00:56:55 Waiting... 7/8 submitted (1 remaining). Sleeping 60s...
2026-03-04 00:57:56 Waiting... 7/8 submitted (1 remaining). Sleeping 60s...
2026-03-04 00:58:57 Waiting... 7/8 submitted (1 remaining). Sleeping 60s...
2026-03-04 00:59:58 Waiting... 7/8 submitted (1 remaining). Sleeping 60s...
2026-03-04 01:00:58 Waiting... 7/8 submitted (1 remaining). Sleeping 60s...
2026-03-04 01:01:59 Waiting... 7/8 submitted (1 remaining). Sleeping 60s...
2026-03-04 01:02:59 OK: Submitted job 7 (e2_smr5_mdto_s2024) -> SINGLE : 14886224.spcc-adm1
2026-03-04 01:02:59 === All 8 failed jobs resubmitted successfully ===
